<?xml version="1.0" encoding="utf-8"?><testsuites><testsuite errors="0" failures="0" hostname="SHIRIN-PC" name="pytest" skipped="0" tests="3" time="72.001" timestamp="2020-04-19T18:08:42.497496"><testcase classname="test_HomePage.Test_HomePage" file="test_HomePage.py" line="10" name="test_FormSubmission[useTestData0]" time="28.978"></testcase><testcase classname="test_HomePage.Test_HomePage" file="test_HomePage.py" line="10" name="test_FormSubmission[useTestData1]" time="24.761"></testcase><testcase classname="test_HomePage.Test_HomePage" file="test_HomePage.py" line="10" name="test_FormSubmission[useTestData2]" time="18.147"></testcase></testsuite></testsuites>